<?xml version="1.0" encoding="UTF-8"?>
<!-- Generated by org.testng.reporters.JUnitReportReporter -->
<testsuite hostname="NJR-SEC-LAPTOP" failures="0" tests="2" name="testcases.LoginTest" time="173.997" errors="0" timestamp="25 Nov 2023 13:55:56 GMT" skipped="0">
  <testcase classname="testcases.LoginTest" name="LoginSuccessTest" time="63.619"/>
  <testcase classname="testcases.LoginTest" name="LoginFailiurTest" time="110.378"/>
</testsuite> <!-- testcases.LoginTest -->
